<?xml version="1.0" encoding="UTF-8"?>
<testng-results skipped="0" failed="0" ignored="0" total="1" passed="1">
  <reporter-output>
  </reporter-output>
  <suite name="Default suite" duration-ms="40640" started-at="2020-03-29T15:37:10 IST" finished-at="2020-03-29T15:37:51 IST">
    <groups>
    </groups>
    <test name="Default test" duration-ms="40640" started-at="2020-03-29T15:37:10 IST" finished-at="2020-03-29T15:37:51 IST">
      <class name="seleniumgrid.SeleniumGrid">
        <test-method status="PASS" signature="seleniumgrid(java.lang.String, java.lang.String)[pri:0, instance:seleniumgrid.SeleniumGrid@614ddd49]" name="seleniumgrid" duration-ms="40476" started-at="2020-03-29T15:37:10 IST" finished-at="2020-03-29T15:37:51 IST">
          <params>
            <param index="0">
              <value>
                <![CDATA[ip]]>
              </value>
            </param>
            <param index="1">
              <value>
                <![CDATA[browser]]>
              </value>
            </param>
          </params>
          <reporter-output>
          </reporter-output>
        </test-method> <!-- seleniumgrid -->
      </class> <!-- seleniumgrid.SeleniumGrid -->
    </test> <!-- Default test -->
  </suite> <!-- Default suite -->
</testng-results>
